1588775066555:q
1588775070929:quit
1588775282989:add 2 3
1588775313568:quit
1589363671274:add 2 3
1589490278474:add 1 3
1589494499258:quit
1589834976172:add
1589834982554:quit
1589835860062:read-message
1589835873045:read-message 1
1589835926474:quit
1589835949964:message-list
1589835954706:user-list
1589835996845:quit
1589836009515:message-list
1589836012572:user-list
1589838009062:message-list
1589874930014:user-list
1589875219423:message-list
1589875253907:user-list
1589875917011:message-list
1589875939102:user-list
1589877747417:message-list
1589880569935:user-list
1589881167860:message-list
1589881208763:user-list
1589881259312:message-list
1589881993575:user-list
1589881996423:message-list
1589882531136:get-element user iduser
1589882564541:get-element user username
1589884698920:connect Mathilde xxxx
1589884726000:connect Mathilde fd
1589884734052:connect Mathi hjk
1589884742284:connect Math
1589889968710:connect Mathilde xxxx
1589890266397:connect José xxxx
1589890289612:connect Mathilde xxxx
1589890292641:connect José xxxx
1589890371205:connect Mathilde xxxx
1589892411511:quit
1589893337002:connect Mathilde xxxx
1589893341035:message-list
1589893418631:quit
1589893428658:connect Mathilde xxxx
1589893431760:quit
1589893441787:message-list
1589894105449:quit
1589897057175:m
1589897060117:message-list
1589897069506:connect Mathilde xxxx
1589897076781:message-list
1589897104841:quit
1589897212304:connect Mathilde xxxx
1589897218094:message-list
1589897247784:connect José xxxx
1589897255427:message-list
1589897288039:quit
1589897702442:connect José xxxx
1589897705924:message-list
1589897722105:connect Mathilde xxxx
1589897725921:message-list
1589897758245:quit
1589898090781:connect Mathilde xxxx
1589898093527:message-list
1589898099161:connect José xxxx
1589898101985:message-list
1589898534214:quit
1589898750927:connect Mathilde xxxx
1589898755105:message-list
1589898813704:quit
1589898824426:connect Mathilde xxxx
1589898827022:message-list
1589898861659:quit
1589898892826:connect Mathilde xxxx
1589898896060:message-list
1589898934571:disconnect
1589898943745:message-list
1589899017996:get-element message textmessage
1589899041680:get-element user password
1589899268372:quit
1589970037089:connect Mathilde
1589970043683:connect Mathilde xxxx
1589970056698:message-chat
1589970067085:message-list
1589970110108:message-chat José
1589970306202:get-id-by-user José
1589970317663:get-id-by-user Mathilde
1589970375969:get-id-by-user José
1589971253571:chat-list
1589971262614:connect Mathilde xxxx
1589971265742:chat-list
1589971287862:quit
1589971468135:connect Mathilde xxxx
1589971471217:chat-list
1589971513262:message-chat José
1589971518837:quit
1589971859649:user-list
1589971870260:connect Mathilde xxxx
1589971885227:chat-list
1589971895092:message-by-chat José
1589971952013:disconnect
1589971955872:user-list
1589971960440:message-by-chat
1589971967966:message-by-chat José
1589971989616:connect MAthilde xxxx
1589971994873:connect Mathilde xxxx
1589972009467:message-by-chat Mathilde
1589972703790:user-list
1589972712403:connect Mathilde xxxx
1589972717283:chat-list
1589972731762:message-by-chat Mathilde
1589972750991:message-by-chat José
1589972776835:connect José xxxx
1589972784683:message-by-chat Mathilde
1589972802727:quit
1589975240095:user-list
1589975248362:connect Mathilde xxxx
1589975315318:connect José xxxx
1589975322600:chat-list
1589975332431:chat-list
1589975343563:message-by-chat José
1589975375894:message-by-chat Mathilde
1589975383470:message-by-chat José
1589975543669:quit
1589975655987:connect Mathilde
1589975659921:connect Mathilde xxxx
1589975673166:message-by-chat José
1589975689428:quit
1590136808189:connect Mathilde xxxx
1590138214874:quit
1590496881152:connect Mathilde xxxx
1590496888479:quit
1590497390011:user-list
1590497400160:connect Mathilde xxxx
1590497440046:chat-list
1590497464812:message-by-chat José
1590497481327:disconnect
1590497492435:chat-list
1590498906214:quit
1590498925951:user-list
1590498933377:connect Mathilde xxxx
1590499589261:quit
1590499602139:connect Mathilde xxxx
1590506679865:help
1590506699586:user-list
1590506717630:connect Mathilde xxxx
1590506752063:chat-list
1590506770886:message-by-chat José
1590506783953:disconnect
1590506803089:quit
1590655566257:help
1590660279947:user-list
1590660336263:help
1590660912226:connect Mathilde xxxx
1590660921338:connect José xxxx
1590661224644:chat-list
1590661231734:disconnect
1590661234257:chat-list
1590661362769:message-by-chat José
1590661374036:connect Mathilde xxxx
1590661376604:message-by-chat José
1590661503006:get-element user username
1590661537942:get-element message textmessage
1590661957858:get-element message date
1590663070447:quit
1590764666578:connect Mathilde xxxx
1590764696203:quit
1590764706573:user-list
1590764710732:quit
